  Reading Qt configuration (C:/Qt/Qt5.14.1/5.14.1/msvc2017_64/bin/qmake)
  uic CCMainWindow.ui
  uic UserLogin.ui
  rcc CCMainWindow.qrc
  moc CCMainWindow.h
  moc TilleBar.h
  moc WindowBase.h
  moc Notifi.h
  moc Common.h
  moc UserLogin.h
  Common.cpp
  Notifi.cpp
  TitleBar.cpp
  UserLogin.cpp
  WindowBase.cpp
  CCMainWindow.cpp
  main.cpp
  qrc_CCMainWindow.cpp
  moc_CCMainWindow.cpp
  moc_TilleBar.cpp
  moc_WindowBase.cpp
  moc_Notifi.cpp
  moc_Common.cpp
  moc_UserLogin.cpp
  QTQQ.vcxproj -> D:\QTQQ\x64\Debug\QTQQ.exe
